<?xml version="1.0" encoding="UTF-8"?>
<!-- Generated by org.testng.reporters.JUnitXMLReporter -->
<testsuite ignored="0" hostname="DESKTOP-VPOCKJB" failures="0" tests="4" name="Default test" time="41.188" errors="0" timestamp="2023-12-15T12:12:49 IST">
  <testcase classname="testcases.Logintest" name="LoginWith_Valid_Credentials" time="4.861"/>
  <testcase classname="testcases.Logintest" name="LoginWith_Valid_Credentials" time="4.91"/>
  <testcase classname="testcases.Logintest" name="LoginWith_Valid_Credentials" time="6.095"/>
  <testcase classname="testcases.Logintest" name="LoginWith_Valid_Credentials" time="4.77"/>
</testsuite> <!-- Default test -->
