<?xml version="1.0" encoding="UTF-8"?>
<!-- Generated by org.testng.reporters.JUnitXMLReporter -->
<testsuite ignored="0" hostname="DESKTOP-VPOCKJB" failures="0" tests="9" name="Test" time="68.858" errors="0" timestamp="2023-12-18T11:43:49 IST">
  <testcase classname="testcases.Logintest" name="LoginWith_Valid_Credentials" time="4.862"/>
  <testcase classname="testcases.Logintest" name="LoginWith_Valid_Credentials" time="4.729"/>
  <testcase classname="testcases.Logintest" name="LoginWith_Valid_Credentials" time="4.682"/>
  <testcase classname="testcases.Logintest" name="LoginWith_Valid_Credentials" time="4.739"/>
  <testcase classname="testcases.HomePagetest" name="verify_allmenuitems_on_homepage" time="1.401"/>
  <testcase classname="testcases.HomePagetest" name="verify_product_features_presence" time="0.831"/>
  <testcase classname="testcases.HomePagetest" name="verifylogo_on_homepage" time="0.066"/>
  <testcase classname="testcases.HomePagetest" name="verifytitle_on_hompage" time="0.044"/>
  <testcase classname="testcases.Signuptest" name="signup" time="2.846"/>
</testsuite> <!-- Test -->
