<?xml version="1.0" encoding="UTF-8"?>
<!-- Generated by org.testng.reporters.JUnitXMLReporter -->
<testsuite ignored="0" hostname="DESKTOP-VPOCKJB" failures="0" tests="9" name="Test" time="56.912" errors="0" timestamp="2023-12-18T12:05:49 IST">
  <testcase classname="testcases.Logintest" name="LoginWith_Valid_Credentials" time="4.385"/>
  <testcase classname="testcases.Logintest" name="LoginWith_Valid_Credentials" time="4.352"/>
  <testcase classname="testcases.Logintest" name="LoginWith_Valid_Credentials" time="4.382"/>
  <testcase classname="testcases.Logintest" name="LoginWith_Valid_Credentials" time="4.3"/>
  <testcase classname="testcases.HomePagetest" name="verify_allmenuitems_on_homepage" time="0.919"/>
  <testcase classname="testcases.HomePagetest" name="verify_product_features_presence" time="0.612"/>
  <testcase classname="testcases.HomePagetest" name="verifylogo_on_homepage" time="0.043"/>
  <testcase classname="testcases.HomePagetest" name="verifytitle_on_hompage" time="0.088"/>
  <testcase classname="testcases.Signuptest" name="signup" time="2.644"/>
</testsuite> <!-- Test -->
